<?xml version="1.0" encoding="UTF-8"?>
<!-- Generated by org.testng.reporters.JUnitReportReporter -->
<testsuite hostname="DESKTOP-BUKS1N4" failures="0" tests="1" name="TestNG.T_NG1" time="0.017" errors="0" timestamp="2023-08-25T12:25:17 IST" skipped="0">
  <testcase classname="TestNG.T_NG1" name="f" time="0.017"/>
  <system-out/>
</testsuite> <!-- TestNG.T_NG1 -->
