<?xml version="1.0" encoding="UTF-8"?>
<!-- Generated by org.testng.reporters.JUnitReportReporter -->
<testsuite hostname="DESKTOP-BUKS1N4" failures="0" tests="3" name="TestNG.NewTest2" time="18.554" errors="0" timestamp="2023-08-26T22:30:27 IST" skipped="0">
  <testcase classname="TestNG.NewTest2" name="openBrowserAndAppURL" time="13.240"/>
  <system-out/>
  <testcase classname="TestNG.NewTest2" name="validateLoginPageComponent" time="0.126"/>
  <system-out/>
  <testcase classname="TestNG.NewTest2" name="loginInToApplication" time="5.188"/>
  <system-out/>
</testsuite> <!-- TestNG.NewTest2 -->
